{"key":"aaa","level":"info","message":"Value deleted from LevelDB","service":"leveldb"}
{"key":"","level":"info","message":"Value deleted from LevelDB","service":"leveldb"}
{"key":"","level":"info","message":"Value written to LevelDB","service":"leveldb","value":""}
{"key":"","level":"info","message":"Value read from LevelDB","service":"leveldb","value":""}
{"key":"","level":"info","message":"Value read from LevelDB","service":"leveldb","value":""}
{"key":"","level":"info","message":"Value written to LevelDB","service":"leveldb","value":""}
{"key":"","level":"info","message":"Value deleted from LevelDB","service":"leveldb"}
{"error":{"code":"LEVEL_NOT_FOUND","notFound":true,"status":404},"level":"error","message":"Error reading value from LevelDB","service":"leveldb"}
{"key":"license","level":"info","message":"Value read from LevelDB","service":"leveldb","value":""}
{"key":"license","level":"info","message":"Value written to LevelDB","service":"leveldb","value":"1"}
{"error":{"code":"LEVEL_NOT_FOUND","notFound":true,"status":404},"level":"error","message":"Error reading value from LevelDB","service":"leveldb"}
{"key":"a","level":"info","message":"Value written to LevelDB","service":"leveldb","value":"1"}
{"key":"a","level":"info","message":"Value read from LevelDB","service":"leveldb","value":"1"}
{"key":"a","level":"info","message":"Value written to LevelDB","service":"leveldb","value":"1"}
{"key":"author","level":"info","message":"Value written to LevelDB","service":"leveldb","value":"Scipline"}
{"key":"a","level":"info","message":"Value deleted from LevelDB","service":"leveldb"}
{"key":"myeamil","level":"info","message":"Value written to LevelDB","service":"leveldb","value":"Scipline52@gmail.com"}
{"key":"myeamil","level":"info","message":"Value written to LevelDB","service":"leveldb","value":"Scipline52@gmail.com1"}
{"key":"myeamil","level":"info","message":"Value written to LevelDB","service":"leveldb","value":"Scipline52@gmail.com"}
{"error":{"code":"LEVEL_DATABASE_NOT_OPEN"},"level":"error","message":"Error reading value from LevelDB","service":"leveldb"}
{"error":{"code":"LEVEL_DATABASE_NOT_OPEN"},"level":"error","message":"Error writing value to LevelDB","service":"leveldb"}
{"error":{"code":"LEVEL_DATABASE_NOT_OPEN"},"level":"error","message":"Error deleting value from LevelDB","service":"leveldb"}
{"error":{"code":"LEVEL_DATABASE_NOT_OPEN"},"level":"error","message":"Error reading value from LevelDB","service":"leveldb"}
{"error":{"code":"LEVEL_DATABASE_NOT_OPEN"},"level":"error","message":"Error writing value to LevelDB","service":"leveldb"}
{"error":{"code":"LEVEL_DATABASE_NOT_OPEN"},"level":"error","message":"Error writing value to LevelDB","service":"leveldb"}
{"error":{"code":"LEVEL_DATABASE_NOT_OPEN"},"level":"error","message":"Error deleting value from LevelDB","service":"leveldb"}
{"error":{"code":"LEVEL_DATABASE_NOT_OPEN"},"level":"error","message":"Error reading value from LevelDB","service":"leveldb"}
{"error":{"code":"LEVEL_DATABASE_NOT_OPEN"},"level":"error","message":"Error deleting value from LevelDB","service":"leveldb"}
{"error":{"code":"LEVEL_DATABASE_NOT_OPEN"},"level":"error","message":"Error reading value from LevelDB","service":"leveldb"}
{"error":{"code":"LEVEL_DATABASE_NOT_OPEN"},"level":"error","message":"Error writing value to LevelDB","service":"leveldb"}
{"error":{"code":"LEVEL_DATABASE_NOT_OPEN"},"level":"error","message":"Error writing value to LevelDB","service":"leveldb"}
{"error":{"code":"LEVEL_DATABASE_NOT_OPEN"},"level":"error","message":"Error deleting value from LevelDB","service":"leveldb"}
{"error":{"code":"LEVEL_DATABASE_NOT_OPEN"},"level":"error","message":"Error reading value from LevelDB","service":"leveldb"}
{"error":{"code":"LEVEL_DATABASE_NOT_OPEN"},"level":"error","message":"Error reading value from LevelDB","service":"leveldb"}
{"error":{"code":"LEVEL_DATABASE_NOT_OPEN"},"level":"error","message":"Error writing value to LevelDB","service":"leveldb"}
{"error":{"code":"LEVEL_DATABASE_NOT_OPEN"},"level":"error","message":"Error reading value from LevelDB","service":"leveldb"}
{"error":{"code":"LEVEL_DATABASE_NOT_OPEN"},"level":"error","message":"Error writing value to LevelDB","service":"leveldb"}
{"error":{"code":"LEVEL_DATABASE_NOT_OPEN"},"level":"error","message":"Error deleting value from LevelDB","service":"leveldb"}
{"error":{"code":"LEVEL_NOT_FOUND","notFound":true,"status":404},"level":"error","message":"Error reading value from LevelDB","service":"leveldb"}
{"key":"","level":"info","message":"Value written to LevelDB","service":"leveldb","value":""}
{"key":"","level":"info","message":"Value deleted from LevelDB","service":"leveldb"}
{"key":"userList","level":"info","message":"Value read from LevelDB","service":"leveldb","value":[{"coins":193.6,"csrf":"b2f5c3be8581af17b84946f11d139915","face":"https://i1.hdslb.com/bfs/face/163b2a9aa5b9ffc73def26cee90d7663af92a9ed.jpg","level_exp":{"current_exp":20676,"current_level":5,"current_min":10800,"level_up":-62135596800,"next_exp":28800},"mid":"526552477","nickname":"Scipline","originCookie":"rpdid=|(k|k)RRu|J|0J'uYml)RuRm|; DedeUserID=526552477; DedeUserID__ckMd5=f8dfd345f391dcda; SESSDATA=c827c618%2C1711393565%2Cfaadd%2A92CjBdmvJDygh33upwMj6jf-AdiEks7VLHc7uvou-XYXdYqOiCV0W-qBD5K4B0ZZp9umgSVjZZdmc2MEk1bVd4WFRrd0w4ajdhZW9JOUhHeHFLcWZabUJIbk5EcEFhcjh6T1hUMzZZNlRvTjFreDh6S01PMHM0ZzVOVzYtcC15bUNxcTBQcVhGN3ZBIIEC; bili_jct=b2f5c3be8581af17b84946f11d139915; buvid3=BA1552FD-AEFE-17D2-AC53-4ACFC1751AE202802infoc; b_nut=1696714102; CURRENT_FNVAL=4048; sid=8irswb23; _uuid=9781AC109-6634-8185-42D1-DD1E8481063B590639infoc; buvid4=887A2294-D2C6-7F65-3069-B4033F93548B57745-023111121-Vp25bGcbK8a%2F0Ci6joSsTg%3D%3D; bili_ticket=eyJhbGciOiJIUzI1NiIsImtpZCI6InMwMyIsInR5cCI6IkpXVCJ9.eyJleHAiOjE3MDAyMDcwMDEsImlhdCI6MTY5OTk0Nzc0MSwicGx0IjotMX0.N0deYKSgTNwGJhzReAbsdKV6T5JbkC6XlVvXfJAzFww; bili_ticket_expires=1700206941; b_lsid=436BB1071_18BDA750E42; fingerprint=2f38ea8a6b340fd994b82dc0ead91699; buvid_fp_plain=undefined; buvid_fp=2f38ea8a6b340fd994b82dc0ead91699","sessdata":"c827c618%2C1711393565%2Cfaadd%2A92CjBdmvJDygh33upwMj6jf-AdiEks7VLHc7uvou-XYXdYqOiCV0W-qBD5K4B0ZZp9umgSVjZZdmc2MEk1bVd4WFRrd0w4ajdhZW9JOUhHeHFLcWZabUJIbk5EcEFhcjh6T1hUMzZZNlRvTjFreDh6S01PMHM0ZzVOVzYtcC15bUNxcTBQcVhGN3ZBIIEC","silence":0,"status":"正常"}]}
{"key":"userList","level":"info","message":"Value read from LevelDB","service":"leveldb","value":[{"coins":193.6,"csrf":"b2f5c3be8581af17b84946f11d139915","face":"https://i1.hdslb.com/bfs/face/163b2a9aa5b9ffc73def26cee90d7663af92a9ed.jpg","level_exp":{"current_exp":20676,"current_level":5,"current_min":10800,"level_up":-62135596800,"next_exp":28800},"mid":"526552477","nickname":"Scipline","originCookie":"rpdid=|(k|k)RRu|J|0J'uYml)RuRm|; DedeUserID=526552477; DedeUserID__ckMd5=f8dfd345f391dcda; SESSDATA=c827c618%2C1711393565%2Cfaadd%2A92CjBdmvJDygh33upwMj6jf-AdiEks7VLHc7uvou-XYXdYqOiCV0W-qBD5K4B0ZZp9umgSVjZZdmc2MEk1bVd4WFRrd0w4ajdhZW9JOUhHeHFLcWZabUJIbk5EcEFhcjh6T1hUMzZZNlRvTjFreDh6S01PMHM0ZzVOVzYtcC15bUNxcTBQcVhGN3ZBIIEC; bili_jct=b2f5c3be8581af17b84946f11d139915; buvid3=BA1552FD-AEFE-17D2-AC53-4ACFC1751AE202802infoc; b_nut=1696714102; CURRENT_FNVAL=4048; sid=8irswb23; _uuid=9781AC109-6634-8185-42D1-DD1E8481063B590639infoc; buvid4=887A2294-D2C6-7F65-3069-B4033F93548B57745-023111121-Vp25bGcbK8a%2F0Ci6joSsTg%3D%3D; bili_ticket=eyJhbGciOiJIUzI1NiIsImtpZCI6InMwMyIsInR5cCI6IkpXVCJ9.eyJleHAiOjE3MDAyMDcwMDEsImlhdCI6MTY5OTk0Nzc0MSwicGx0IjotMX0.N0deYKSgTNwGJhzReAbsdKV6T5JbkC6XlVvXfJAzFww; bili_ticket_expires=1700206941; b_lsid=436BB1071_18BDA750E42; fingerprint=2f38ea8a6b340fd994b82dc0ead91699; buvid_fp_plain=undefined; buvid_fp=2f38ea8a6b340fd994b82dc0ead91699","sessdata":"c827c618%2C1711393565%2Cfaadd%2A92CjBdmvJDygh33upwMj6jf-AdiEks7VLHc7uvou-XYXdYqOiCV0W-qBD5K4B0ZZp9umgSVjZZdmc2MEk1bVd4WFRrd0w4ajdhZW9JOUhHeHFLcWZabUJIbk5EcEFhcjh6T1hUMzZZNlRvTjFreDh6S01PMHM0ZzVOVzYtcC15bUNxcTBQcVhGN3ZBIIEC","silence":0,"status":"正常"}]}
{"key":"userList","level":"info","message":"Value read from LevelDB","service":"leveldb","value":[{"coins":193.6,"csrf":"b2f5c3be8581af17b84946f11d139915","face":"https://i1.hdslb.com/bfs/face/163b2a9aa5b9ffc73def26cee90d7663af92a9ed.jpg","level_exp":{"current_exp":20676,"current_level":5,"current_min":10800,"level_up":-62135596800,"next_exp":28800},"mid":"526552477","nickname":"Scipline","originCookie":"rpdid=|(k|k)RRu|J|0J'uYml)RuRm|; DedeUserID=526552477; DedeUserID__ckMd5=f8dfd345f391dcda; SESSDATA=c827c618%2C1711393565%2Cfaadd%2A92CjBdmvJDygh33upwMj6jf-AdiEks7VLHc7uvou-XYXdYqOiCV0W-qBD5K4B0ZZp9umgSVjZZdmc2MEk1bVd4WFRrd0w4ajdhZW9JOUhHeHFLcWZabUJIbk5EcEFhcjh6T1hUMzZZNlRvTjFreDh6S01PMHM0ZzVOVzYtcC15bUNxcTBQcVhGN3ZBIIEC; bili_jct=b2f5c3be8581af17b84946f11d139915; buvid3=BA1552FD-AEFE-17D2-AC53-4ACFC1751AE202802infoc; b_nut=1696714102; CURRENT_FNVAL=4048; sid=8irswb23; _uuid=9781AC109-6634-8185-42D1-DD1E8481063B590639infoc; buvid4=887A2294-D2C6-7F65-3069-B4033F93548B57745-023111121-Vp25bGcbK8a%2F0Ci6joSsTg%3D%3D; bili_ticket=eyJhbGciOiJIUzI1NiIsImtpZCI6InMwMyIsInR5cCI6IkpXVCJ9.eyJleHAiOjE3MDAyMDcwMDEsImlhdCI6MTY5OTk0Nzc0MSwicGx0IjotMX0.N0deYKSgTNwGJhzReAbsdKV6T5JbkC6XlVvXfJAzFww; bili_ticket_expires=1700206941; b_lsid=436BB1071_18BDA750E42; fingerprint=2f38ea8a6b340fd994b82dc0ead91699; buvid_fp_plain=undefined; buvid_fp=2f38ea8a6b340fd994b82dc0ead91699","sessdata":"c827c618%2C1711393565%2Cfaadd%2A92CjBdmvJDygh33upwMj6jf-AdiEks7VLHc7uvou-XYXdYqOiCV0W-qBD5K4B0ZZp9umgSVjZZdmc2MEk1bVd4WFRrd0w4ajdhZW9JOUhHeHFLcWZabUJIbk5EcEFhcjh6T1hUMzZZNlRvTjFreDh6S01PMHM0ZzVOVzYtcC15bUNxcTBQcVhGN3ZBIIEC","silence":0,"status":"正常"}]}
{"key":"userList","level":"info","message":"Value written to LevelDB","service":"leveldb","value":""}
{"key":"userList","level":"info","message":"Value written to LevelDB","service":"leveldb","value":" [\n{\n\"coins\": \"193.6\",\n\"csrf\": \"b2f5c3be8581af17b84946f11d139915\",\n\"face\": \"https://i1.hdslb.com/bfs/face/163b2a9aa5b9ffc73def26cee90d7663af92a9ed.jpg\",\n\"level_exp\": {\n\"current_exp\": \"20676\",\n\"current_level\": \"5\",\n\"current_min\": \"10800\",\n\"level_up\": \"-62135596800\",\n\"next_exp\": \"28800\"\n},\n\"mid\": \"526552477\",\n\"nickname\": \"Scipline\",\n\"originCookie\": \"rpdid=|(k|k)RRu|J|0J'uYml)RuRm|; DedeUserID=526552477; DedeUserID__ckMd5=f8dfd345f391dcda; SESSDATA=c827c618%2C1711393565%2Cfaadd%2A92CjBdmvJDygh33upwMj6jf-AdiEks7VLHc7uvou-XYXdYqOiCV0W-qBD5K4B0ZZp9umgSVjZZdmc2MEk1bVd4WFRrd0w4ajdhZW9JOUhHeHFLcWZabUJIbk5EcEFhcjh6T1hUMzZZNlRvTjFreDh6S01PMHM0ZzVOVzYtcC15bUNxcTBQcVhGN3ZBIIEC; bili_jct=b2f5c3be8581af17b84946f11d139915; buvid3=BA1552FD-AEFE-17D2-AC53-4ACFC1751AE202802infoc; b_nut=1696714102; CURRENT_FNVAL=4048; sid=8irswb23; _uuid=9781AC109-6634-8185-42D1-DD1E8481063B590639infoc; buvid4=887A2294-D2C6-7F65-3069-B4033F93548B57745-023111121-Vp25bGcbK8a%2F0Ci6joSsTg%3D%3D; bili_ticket=eyJhbGciOiJIUzI1NiIsImtpZCI6InMwMyIsInR5cCI6IkpXVCJ9.eyJleHAiOjE3MDAyMDcwMDEsImlhdCI6MTY5OTk0Nzc0MSwicGx0IjotMX0.N0deYKSgTNwGJhzReAbsdKV6T5JbkC6XlVvXfJAzFww; bili_ticket_expires=1700206941; b_lsid=436BB1071_18BDA750E42; fingerprint=2f38ea8a6b340fd994b82dc0ead91699; buvid_fp_plain=undefined; buvid_fp=2f38ea8a6b340fd994b82dc0ead91699\",\n\"sessdata\": \"c827c618%2C1711393565%2Cfaadd%2A92CjBdmvJDygh33upwMj6jf-AdiEks7VLHc7uvou-XYXdYqOiCV0W-qBD5K4B0ZZp9umgSVjZZdmc2MEk1bVd4WFRrd0w4ajdhZW9JOUhHeHFLcWZabUJIbk5EcEFhcjh6T1hUMzZZNlRvTjFreDh6S01PMHM0ZzVOVzYtcC15bUNxcTBQcVhGN3ZBIIEC\",\n\"silence\": \"0\",\n\"status\": \"正常\"\n}\n]\n}"}
{"key":"userList","level":"info","message":"Value read from LevelDB","service":"leveldb","value":" [\n{\n\"coins\": \"193.6\",\n\"csrf\": \"b2f5c3be8581af17b84946f11d139915\",\n\"face\": \"https://i1.hdslb.com/bfs/face/163b2a9aa5b9ffc73def26cee90d7663af92a9ed.jpg\",\n\"level_exp\": {\n\"current_exp\": \"20676\",\n\"current_level\": \"5\",\n\"current_min\": \"10800\",\n\"level_up\": \"-62135596800\",\n\"next_exp\": \"28800\"\n},\n\"mid\": \"526552477\",\n\"nickname\": \"Scipline\",\n\"originCookie\": \"rpdid=|(k|k)RRu|J|0J'uYml)RuRm|; DedeUserID=526552477; DedeUserID__ckMd5=f8dfd345f391dcda; SESSDATA=c827c618%2C1711393565%2Cfaadd%2A92CjBdmvJDygh33upwMj6jf-AdiEks7VLHc7uvou-XYXdYqOiCV0W-qBD5K4B0ZZp9umgSVjZZdmc2MEk1bVd4WFRrd0w4ajdhZW9JOUhHeHFLcWZabUJIbk5EcEFhcjh6T1hUMzZZNlRvTjFreDh6S01PMHM0ZzVOVzYtcC15bUNxcTBQcVhGN3ZBIIEC; bili_jct=b2f5c3be8581af17b84946f11d139915; buvid3=BA1552FD-AEFE-17D2-AC53-4ACFC1751AE202802infoc; b_nut=1696714102; CURRENT_FNVAL=4048; sid=8irswb23; _uuid=9781AC109-6634-8185-42D1-DD1E8481063B590639infoc; buvid4=887A2294-D2C6-7F65-3069-B4033F93548B57745-023111121-Vp25bGcbK8a%2F0Ci6joSsTg%3D%3D; bili_ticket=eyJhbGciOiJIUzI1NiIsImtpZCI6InMwMyIsInR5cCI6IkpXVCJ9.eyJleHAiOjE3MDAyMDcwMDEsImlhdCI6MTY5OTk0Nzc0MSwicGx0IjotMX0.N0deYKSgTNwGJhzReAbsdKV6T5JbkC6XlVvXfJAzFww; bili_ticket_expires=1700206941; b_lsid=436BB1071_18BDA750E42; fingerprint=2f38ea8a6b340fd994b82dc0ead91699; buvid_fp_plain=undefined; buvid_fp=2f38ea8a6b340fd994b82dc0ead91699\",\n\"sessdata\": \"c827c618%2C1711393565%2Cfaadd%2A92CjBdmvJDygh33upwMj6jf-AdiEks7VLHc7uvou-XYXdYqOiCV0W-qBD5K4B0ZZp9umgSVjZZdmc2MEk1bVd4WFRrd0w4ajdhZW9JOUhHeHFLcWZabUJIbk5EcEFhcjh6T1hUMzZZNlRvTjFreDh6S01PMHM0ZzVOVzYtcC15bUNxcTBQcVhGN3ZBIIEC\",\n\"silence\": \"0\",\n\"status\": \"正常\"\n}\n]\n}"}
{"key":"license","level":"info","message":"Value read from LevelDB","service":"leveldb","value":""}
{"key":"license","level":"info","message":"Value written to LevelDB","service":"leveldb","value":"1"}
{"key":"license","level":"info","message":"Value written to LevelDB","service":"leveldb","value":"true"}
